0 info it worked if it ends with ok
1 verbose cli [ '/usr/bin/node', '/usr/bin/npm', 'test' ]
2 info using npm@2.1.1
3 info using node@v0.10.32
4 verbose stack Error: Failed to parse json
4 verbose stack Unexpected string
4 verbose stack     at parseError (/usr/lib/node_modules/npm/node_modules/read-package-json/read-json.js:378:25)
4 verbose stack     at parseJson (/usr/lib/node_modules/npm/node_modules/read-package-json/read-json.js:85:51)
4 verbose stack     at /usr/lib/node_modules/npm/node_modules/read-package-json/read-json.js:59:33
4 verbose stack     at evalmachine.<anonymous>:271:14
4 verbose stack     at /usr/lib/node_modules/npm/node_modules/graceful-fs/graceful-fs.js:102:5
4 verbose stack     at Object.oncomplete (evalmachine.<anonymous>:107:15)
5 verbose cwd /home/fakedrake/Projects/Codebender/ChromeRPC
6 error Linux 3.16.3-1-ARCH
7 error argv "/usr/bin/node" "/usr/bin/npm" "test"
8 error node v0.10.32
9 error npm  v2.1.1
10 error file /home/fakedrake/Projects/Codebender/ChromeRPC/package.json
11 error code EJSONPARSE
12 error Failed to parse json
12 error Unexpected string
13 error File: /home/fakedrake/Projects/Codebender/ChromeRPC/package.json
14 error Failed to parse package.json data.
14 error package.json must be actual JSON, not just JavaScript.
14 error
14 error This is not a bug in npm.
14 error Tell the package author to fix their package.json file. JSON.parse
15 verbose exit [ 1, true ]
